ERROR:root:No data for Cryptocurrency - data: None
ERROR:root:No data for Cryptocurrency - data: None
ERROR:root:Updated at: 04/08/1917:29:48
ERROR:root:Updated at: 04/12/1913:36:34
ERROR:root:Received error message: 
list index out of range
when in read_data_list
ERROR:root:Received error message: 
list index out of range
when in read_data_list
ERROR:root:No data for VeriBlock.
ERROR:root:Updated at: 04/12/1913:44:19
ERROR:root:No data for veriblock.
ERROR:root:Updated at: 04/14/1913:37:01
ERROR:root:Updated at: 04/17/1916:41:09
ERROR:root:Updated at: 04/18/1910:47:25
ERROR:root:Updated at: 04/18/1914:56:32
ERROR:root:Updated at: 04/23/1915:52:37
ERROR:root:Updated at: 04/25/1909:43:59
ERROR:root:Updated at: 05/22/19 - 23:46:48
ERROR:root:Updated at: 05/24/19 - 13:17:04
ERROR:root:Received error message: 
list index out of rangein read_data_list
ERROR:root:Received error message: 
list index out of rangein read_data_list
ERROR:root:Received error message: 
list index out of rangein read_data_list
ERROR:root:Received error message: 
list index out of rangein read_data_list
ERROR:root:Received error message: 
list index out of rangein read_data_list
ERROR:root:Received error message: 
list index out of rangein read_data_list
ERROR:root:Received error message: 
list index out of rangein read_data_list
ERROR:root:Received error message: 
list index out of rangein read_data_list
ERROR:root:Received error message: 
list index out of rangein read_data_list
ERROR:root:Received error message: 
list index out of rangein read_data_list
ERROR:root:Received error message: 
list index out of rangein read_data_list
ERROR:root:Received error message: 
list index out of rangein read_data_list
ERROR:root:Received error message: 
list index out of rangein read_data_list
ERROR:root:Received error message: 
list index out of rangein read_data_list
ERROR:root:Received error message: 
list index out of rangein read_data_list
ERROR:root:Received error message: 
list index out of rangein read_data_list
ERROR:root:Received error message: 
list index out of rangein read_data_list
ERROR:root:Received error message: 
list index out of rangein read_data_list
ERROR:root:Received error message: 
list index out of rangein read_data_list
ERROR:root:Received error message: 
list index out of rangein read_data_list
ERROR:root:Received error message: 
list index out of rangein read_data_list
ERROR:root:Received error message: 
list index out of rangein read_data_list
ERROR:root:Received error message: 
list index out of rangein read_data_list
ERROR:root:Received error message: 
list index out of rangein read_data_list
ERROR:root:Received error message: 
list index out of rangein read_data_list
ERROR:root:Received error message: 
list index out of rangein read_data_list
ERROR:root:Received error message: 
list index out of rangein read_data_list
ERROR:root:Received error message: 
list index out of rangein read_data_list
ERROR:root:Received error message: 
list index out of rangein read_data_list
ERROR:root:Received error message: 
list index out of rangein read_data_list
ERROR:root:Received error message: 
list index out of rangein read_data_list
ERROR:root:Received error message: 
list index out of rangein read_data_list
ERROR:root:Received error message: 
list index out of rangein read_data_list
ERROR:root:Received error message: 
list index out of rangein read_data_list
